  uic MainWindow.ui
  moc MainWindow.h
  moc RtspClient.h
  moc StreamDecoderThread.h
  RtspAuthorizeDialog.cpp
  RtspClient.cpp
  RtspParser.cpp
  StreamDecoder.cpp
  StreamDecoderThread.cpp
  UrlInputDialog.cpp
  MainWindow.cpp
  main.cpp
d:\git_project\rtsp_player\3rdparty\ffmpeg\include\libavutil\rational.h : warning C4819: 현재 코드 페이지(949)에서 표시할 수 없는 문자가 파일에 들어 있습니다. 데이터가 손실되지 않게 하려면 해당 파일을 유니코드 형식으로 저장하십시오. (소스 파일 컴파일 중 StreamDecoder.cpp)
d:\git_project\rtsp_player\3rdparty\ffmpeg\include\libavutil\rational.h : warning C4819: 현재 코드 페이지(949)에서 표시할 수 없는 문자가 파일에 들어 있습니다. 데이터가 손실되지 않게 하려면 해당 파일을 유니코드 형식으로 저장하십시오. (소스 파일 컴파일 중 StreamDecoderThread.cpp)
d:\git_project\rtsp_player\3rdparty\ffmpeg\include\libavutil\rational.h : warning C4819: 현재 코드 페이지(949)에서 표시할 수 없는 문자가 파일에 들어 있습니다. 데이터가 손실되지 않게 하려면 해당 파일을 유니코드 형식으로 저장하십시오. (소스 파일 컴파일 중 main.cpp)
d:\git_project\rtsp_player\3rdparty\ffmpeg\include\libavutil\rational.h : warning C4819: 현재 코드 페이지(949)에서 표시할 수 없는 문자가 파일에 들어 있습니다. 데이터가 손실되지 않게 하려면 해당 파일을 유니코드 형식으로 저장하십시오. (소스 파일 컴파일 중 MainWindow.cpp)
  qrc_MainWindow.cpp
  moc_MainWindow.cpp
  moc_RtspClient.cpp
  moc_StreamDecoderThread.cpp
d:\git_project\rtsp_player\3rdparty\ffmpeg\include\libavutil\rational.h : warning C4819: 현재 코드 페이지(949)에서 표시할 수 없는 문자가 파일에 들어 있습니다. 데이터가 손실되지 않게 하려면 해당 파일을 유니코드 형식으로 저장하십시오. (소스 파일 컴파일 중 x64\Release\moc\moc_StreamDecoderThread.cpp)
d:\git_project\rtsp_player\3rdparty\ffmpeg\include\libavutil\rational.h : warning C4819: 현재 코드 페이지(949)에서 표시할 수 없는 문자가 파일에 들어 있습니다. 데이터가 손실되지 않게 하려면 해당 파일을 유니코드 형식으로 저장하십시오. (소스 파일 컴파일 중 x64\Release\moc\moc_MainWindow.cpp)
  RTSP_PLAYER.vcxproj -> D:\git_project\RTSP_PLAYER\x64\Release\RTSP_PLAYER.exe
